#
# A fatal error has been detected by the Java Runtime Environment:
#
#  EXCEPTION_ACCESS_VIOLATION (0xc0000005) at pc=0x000000000e791066, pid=6992, tid=11624
#
# JRE version: Java(TM) SE Runtime Environment (7.0_51-b13) (build 1.7.0_51-b13)
# Java VM: Java HotSpot(TM) 64-Bit Server VM (24.51-b03 mixed mode windows-amd64 compressed oops)
# Problematic frame:
# C  [OpenAL64.dll+0x11066]
#
# Failed to write core dump. Minidumps are not enabled by default on client versions of Windows
#
# If you would like to submit a bug report, please visit:
#   http://bugreport.sun.com/bugreport/crash.jsp
# The crash happened outside the Java Virtual Machine in native code.
# See problematic frame for where to report the bug.
#

---------------  T H R E A D  ---------------

Current thread (0x000000000c0aa800):  JavaThread "jME3 Audio Thread" daemon [_thread_in_native, id=11624, stack(0x0000000011730000,0x0000000011830000)]

siginfo: ExceptionCode=0xc0000005, reading address 0x000000000c0d0004

Registers:
RAX=0x0000000000000004, RBX=0x00000000119f0090, RCX=0x000000000c0d0008, RDX=0x000000000c0d0004
RSP=0x000000001182ee40, RBP=0x00000000000000ff, RSI=0x000000000c0cf9dc, RDI=0x0000000000000000
R8 =0x000000000000018a, R9 =0x000000000c0cf9dc, R10=0x0000000002393064, R11=0x000000005b36faf0
R12=0x0000000000000001, R13=0x000000077d49a638, R14=0x000000001182efe0, R15=0x000000000c0aa800
RIP=0x000000000e791066, EFLAGS=0x0000000000010202

Top of Stack: (sp=0x000000001182ee40)
0x000000001182ee40:   000000077d49a638 0000000000000000
0x000000001182ee50:   0000000000000000 000000001182ef00
0x000000001182ee60:   0000000000000000 0000000000000000
0x000000001182ee70:   000000001182f000 000000000c0aa800
0x000000001182ee80:   000000001182efe0 000000077d49a638
0x000000001182ee90:   0000000000000000 000000000c0aa800
0x000000001182eea0:   00000000efa4db9e 000000001182efa8
0x000000001182eeb0:   000000000c0aa800 000000001182efe0
0x000000001182eec0:   000000077d49a638 0000000000000000
0x000000001182eed0:   000000000c0cf9dc 00000000efa4db9e
0x000000001182eee0:   000000001182efa8 000000000e79248f
0x000000001182eef0:   00000000119f0090 00000000119f0090
0x000000001182ef00:   000000070000ac44 0000000000000004
0x000000001182ef10:   0000000002386215 0000000002393090
0x000000001182ef20:   000000077d49a638 0000000000000000
0x000000001182ef30:   0000000000000000 000000001182ef78 

Instructions: (pc=0x000000000e791066)
0x000000000e791046:   41 2b ec 81 3a 03 00 02 00 75 09 8b 01 89 84 24
0x000000000e791056:   c8 00 00 00 49 83 c0 02 48 83 c1 08 4a 8d 14 86
0x000000000e791066:   39 3a 75 af 4c 8d 84 24 c0 00 00 00 48 8d 15 d7
0x000000000e791076:   2b 03 00 33 c9 e8 58 5f 00 00 b8 40 1f 00 00 4c 


Register to memory mapping:

RAX=0x0000000000000004 is an unknown value
RBX=0x00000000119f0090 is an unknown value
RCX=0x000000000c0d0008 is an unknown value
RDX=0x000000000c0d0004 is an unknown value
RSP=0x000000001182ee40 is pointing into the stack for thread: 0x000000000c0aa800
RBP=0x00000000000000ff is an unknown value
RSI=0x000000000c0cf9dc is an unknown value
RDI=0x0000000000000000 is an unknown value
R8 =0x000000000000018a is an unknown value
R9 =0x000000000c0cf9dc is an unknown value
R10=0x0000000002393064 is at code_begin+644 in an Interpreter codelet
method entry point (kind = native)  [0x0000000002392de0, 0x0000000002393680]  2208 bytes
R11=0x000000005b36faf0 is an unknown value
R12=0x0000000000000001 is an unknown value
R13=0x000000077d49a638 is an oop
{method} 
 - klass: {other class}
R14=0x000000001182efe0 is pointing into the stack for thread: 0x000000000c0aa800
R15=0x000000000c0aa800 is a thread


Stack: [0x0000000011730000,0x0000000011830000],  sp=0x000000001182ee40,  free space=1019k
Native frames: (J=compiled Java code, j=interpreted, Vv=VM code, C=native code)
C  [OpenAL64.dll+0x11066]

Java frames: (J=compiled Java code, j=interpreted, Vv=VM code)
j  org.lwjgl.openal.ALC10.nalcCreateContext(JJ)J+0
j  org.lwjgl.openal.ALC10.alcCreateContext(Lorg/lwjgl/openal/ALCdevice;Ljava/nio/IntBuffer;)Lorg/lwjgl/openal/ALCcontext;+8
j  org.lwjgl.openal.AL.init(Ljava/lang/String;IIZZ)V+69
j  org.lwjgl.openal.AL.create(Ljava/lang/String;IIZZ)V+227
j  org.lwjgl.openal.AL.create(Ljava/lang/String;IIZ)V+5
j  org.lwjgl.openal.AL.create()V+6
j  com.jme3.audio.lwjgl.LwjglAudioRenderer.initInThread()V+6
j  com.jme3.audio.lwjgl.LwjglAudioRenderer.run()V+1
j  java.lang.Thread.run()V+11
v  ~StubRoutines::call_stub

---------------  P R O C E S S  ---------------

Java Threads: ( => current thread )
=>0x000000000c0aa800 JavaThread "jME3 Audio Thread" daemon [_thread_in_native, id=11624, stack(0x0000000011730000,0x0000000011830000)]
  0x000000000c0ad000 JavaThread "DestroyJavaVM" [_thread_blocked, id=2800, stack(0x0000000002130000,0x0000000002230000)]
  0x000000000c0a9000 JavaThread "LWJGL Renderer Thread" [_thread_blocked, id=8084, stack(0x000000000e560000,0x000000000e660000)]
  0x000000000c0ac000 JavaThread "TimerQueue" daemon [_thread_blocked, id=2428, stack(0x000000000e460000,0x000000000e560000)]
  0x000000000c0a7000 JavaThread "Image Fetcher 0" daemon [_thread_blocked, id=7892, stack(0x000000000d780000,0x000000000d880000)]
  0x000000000c0aa000 JavaThread "AWT-EventQueue-0" [_thread_blocked, id=5916, stack(0x000000000c8f0000,0x000000000c9f0000)]
  0x000000000c0a7800 JavaThread "AWT-Windows" daemon [_thread_in_native, id=7612, stack(0x000000000c620000,0x000000000c720000)]
  0x000000000c0a8800 JavaThread "AWT-Shutdown" [_thread_blocked, id=8232, stack(0x000000000c520000,0x000000000c620000)]
  0x000000000c0a6000 JavaThread "Java2D Disposer" daemon [_thread_blocked, id=10704, stack(0x000000000c420000,0x000000000c520000)]
  0x000000000a5e0000 JavaThread "Service Thread" daemon [_thread_blocked, id=7880, stack(0x000000000bd30000,0x000000000be30000)]
  0x000000000a5d0800 JavaThread "C2 CompilerThread1" daemon [_thread_blocked, id=8228, stack(0x000000000bc30000,0x000000000bd30000)]
  0x000000000a5c4800 JavaThread "C2 CompilerThread0" daemon [_thread_blocked, id=8016, stack(0x000000000bb30000,0x000000000bc30000)]
  0x000000000a5c3800 JavaThread "Attach Listener" daemon [_thread_blocked, id=11948, stack(0x000000000ba30000,0x000000000bb30000)]
  0x000000000a5c0800 JavaThread "Signal Dispatcher" daemon [_thread_blocked, id=1980, stack(0x000000000b930000,0x000000000ba30000)]
  0x000000000a590000 JavaThread "Finalizer" daemon [_thread_blocked, id=2636, stack(0x000000000b830000,0x000000000b930000)]
  0x000000000a585000 JavaThread "Reference Handler" daemon [_thread_blocked, id=5176, stack(0x000000000b730000,0x000000000b830000)]

Other Threads:
  0x000000000a583800 VMThread [stack: 0x000000000b630000,0x000000000b730000] [id=5328]
  0x000000000a5eb000 WatcherThread [stack: 0x000000000be30000,0x000000000bf30000] [id=11060]

VM state:not at safepoint (normal execution)

VM Mutex/Monitor currently owned by a thread: None

Heap
 PSYoungGen      total 38400K, used 20168K [0x00000007d5d00000, 0x00000007d8780000, 0x0000000800000000)
  eden space 33280K, 60% used [0x00000007d5d00000,0x00000007d70b2010,0x00000007d7d80000)
  from space 5120K, 0% used [0x00000007d8280000,0x00000007d8280000,0x00000007d8780000)
  to   space 5120K, 0% used [0x00000007d7d80000,0x00000007d7d80000,0x00000007d8280000)
 ParOldGen       total 86016K, used 0K [0x0000000781800000, 0x0000000786c00000, 0x00000007d5d00000)
  object space 86016K, 0% used [0x0000000781800000,0x0000000781800000,0x0000000786c00000)
 PSPermGen       total 21504K, used 14969K [0x000000077c600000, 0x000000077db00000, 0x0000000781800000)
  object space 21504K, 69% used [0x000000077c600000,0x000000077d49e720,0x000000077db00000)

Card table byte_map: [0x0000000005380000,0x00000000057a0000] byte_map_base: 0x000000000179d000

Polling page: 0x0000000000870000

Code Cache  [0x0000000002380000, 0x00000000025f0000, 0x0000000005380000)
 total_blobs=591 nmethods=54 adapters=489 free_code_cache=48496Kb largest_free_block=49641088

Compilation events (10 events):
Event: 2.074 Thread 0x000000000a5c4800   50             java.lang.String::<init> (67 bytes)
Event: 2.076 Thread 0x000000000a5c4800 nmethod 50 0x0000000002426550 code [0x00000000024266a0, 0x0000000002426918]
Event: 2.078 Thread 0x000000000a5d0800   51             java.lang.String::getChars (62 bytes)
Event: 2.079 Thread 0x000000000a5d0800 nmethod 51 0x0000000002426150 code [0x00000000024262a0, 0x00000000024263d8]
Event: 2.081 Thread 0x000000000a5c4800   52             java.nio.Buffer::checkIndex (22 bytes)
Event: 2.081 Thread 0x000000000a5c4800 nmethod 52 0x0000000002425f10 code [0x0000000002426040, 0x00000000024260b8]
Event: 2.082 Thread 0x000000000a5d0800   53             java.util.regex.Matcher::reset (83 bytes)
Event: 2.084 Thread 0x000000000a5d0800 nmethod 53 0x0000000002425b10 code [0x0000000002425c60, 0x0000000002425db8]
Event: 2.112 Thread 0x000000000a5c4800   54             java.lang.AbstractStringBuilder::append (48 bytes)
Event: 2.113 Thread 0x000000000a5c4800 nmethod 54 0x0000000002421790 code [0x00000000024218e0, 0x0000000002421a88]

GC Heap History (0 events):
No events

Deoptimization events (4 events):
Event: 0.692 Thread 0x000000000c0aa000 Uncommon trap: reason=class_check action=maybe_recompile pc=0x00000000023fa834 method=java.lang.String.equals(Ljava/lang/Object;)Z @ 8
Event: 0.693 Thread 0x000000000c0aa000 Uncommon trap: reason=class_check action=maybe_recompile pc=0x00000000023fa834 method=java.lang.String.equals(Ljava/lang/Object;)Z @ 8
Event: 0.693 Thread 0x000000000c0aa000 Uncommon trap: reason=class_check action=maybe_recompile pc=0x00000000023fa834 method=java.lang.String.equals(Ljava/lang/Object;)Z @ 8
Event: 0.699 Thread 0x000000000c0aa000 Uncommon trap: reason=class_check action=maybe_recompile pc=0x00000000023fa834 method=java.lang.String.equals(Ljava/lang/Object;)Z @ 8

Internal exceptions (10 events):
Event: 2.123 Thread 0x000000000c0aa800 Threw 0x00000007d701c1b0 at C:\re\jdk7u51\527\hotspot\src\share\vm\prims\jvm.cpp:1244
Event: 2.123 Thread 0x000000000c0aa800 Threw 0x00000007d701cc08 at C:\re\jdk7u51\527\hotspot\src\share\vm\prims\jvm.cpp:1244
Event: 2.123 Thread 0x000000000c0aa800 Threw 0x00000007d7021188 at C:\re\jdk7u51\527\hotspot\src\share\vm\prims\jvm.cpp:1244
Event: 2.123 Thread 0x000000000c0aa800 Threw 0x00000007d7021c10 at C:\re\jdk7u51\527\hotspot\src\share\vm\prims\jvm.cpp:1244
Event: 2.123 Thread 0x000000000c0aa800 Threw 0x00000007d7022668 at C:\re\jdk7u51\527\hotspot\src\share\vm\prims\jvm.cpp:1244
Event: 2.125 Thread 0x000000000c0aa800 Threw 0x00000007d7027168 at C:\re\jdk7u51\527\hotspot\src\share\vm\prims\jvm.cpp:1244
Event: 2.127 Thread 0x000000000c0aa800 Threw 0x00000007d7031bd8 at C:\re\jdk7u51\527\hotspot\src\share\vm\prims\jvm.cpp:1244
Event: 2.135 Thread 0x000000000c0aa800 Threw 0x00000007d7037fc8 at C:\re\jdk7u51\527\hotspot\src\share\vm\prims\jvm.cpp:1244
Event: 2.137 Thread 0x000000000c0aa800 Threw 0x00000007d703b650 at C:\re\jdk7u51\527\hotspot\src\share\vm\prims\jvm.cpp:1244
Event: 2.138 Thread 0x000000000c0aa800 Threw 0x00000007d703e868 at C:\re\jdk7u51\527\hotspot\src\share\vm\prims\jvm.cpp:1244

Events (10 events):
Event: 2.125 loading class 0x000000000c0cdce0
Event: 2.125 loading class 0x000000000c0cdce0 done
Event: 2.127 loading class 0x000000000c0ce2b0
Event: 2.127 loading class 0x000000000c0ce2b0 done
Event: 2.135 loading class 0x000000000c0cfcf0
Event: 2.135 loading class 0x000000000c0cfcf0 done
Event: 2.136 loading class 0x000000000c0ccd80
Event: 2.136 loading class 0x000000000c0ccd80 done
Event: 2.138 loading class 0x000000000c0cf120
Event: 2.138 loading class 0x000000000c0cf120 done


Dynamic libraries:
0x00007ff69a330000 - 0x00007ff69a363000 	C:\Program Files\jmonkeyplatform\jdk\bin\java.exe
0x00007ffeebff0000 - 0x00007ffeec196000 	C:\Windows\SYSTEM32\ntdll.dll
0x00007ffee99e0000 - 0x00007ffee9b1a000 	C:\Windows\system32\KERNEL32.DLL
0x00007ffee9770000 - 0x00007ffee987f000 	C:\Windows\system32\KERNELBASE.dll
0x00007ffee7fa0000 - 0x00007ffee8028000 	C:\Windows\system32\apphelp.dll
0x00007ffed0990000 - 0x00007ffed09df000 	C:\Windows\AppPatch\AppPatch64\AcGenral.DLL
0x00007ffeea580000 - 0x00007ffeea627000 	C:\Windows\system32\msvcrt.dll
0x00007ffee9220000 - 0x00007ffee924b000 	C:\Windows\SYSTEM32\SspiCli.dll
0x00007ffeebe50000 - 0x00007ffeebea1000 	C:\Windows\system32\SHLWAPI.dll
0x00007ffeebb50000 - 0x00007ffeebcc1000 	C:\Windows\system32\USER32.dll
0x00007ffeebcd0000 - 0x00007ffeebe48000 	C:\Windows\system32\ole32.dll
0x00007ffeea6d0000 - 0x00007ffeebadf000 	C:\Windows\system32\SHELL32.dll
0x00007ffee89e0000 - 0x00007ffee89fe000 	C:\Windows\SYSTEM32\USERENV.dll
0x00007ffee9d00000 - 0x00007ffee9da5000 	C:\Windows\system32\ADVAPI32.dll
0x00007ffedd5a0000 - 0x00007ffedd5bb000 	C:\Windows\SYSTEM32\MPR.dll
0x00007ffee98a0000 - 0x00007ffee99d7000 	C:\Windows\system32\RPCRT4.dll
0x00007ffeea360000 - 0x00007ffeea3b7000 	C:\Windows\SYSTEM32\sechost.dll
0x00007ffee9f50000 - 0x00007ffeea126000 	C:\Windows\SYSTEM32\combase.dll
0x00007ffeea430000 - 0x00007ffeea574000 	C:\Windows\system32\GDI32.dll
0x00007ffee9370000 - 0x00007ffee9384000 	C:\Windows\SYSTEM32\profapi.dll
0x00007ffee79d0000 - 0x00007ffee7a6f000 	C:\Windows\SYSTEM32\SHCORE.dll
0x00007ffeea130000 - 0x00007ffeea164000 	C:\Windows\system32\IMM32.DLL
0x00007ffeea170000 - 0x00007ffeea2a9000 	C:\Windows\system32\MSCTF.dll
0x00007ffee5740000 - 0x00007ffee599a000 	C:\Windows\WinSxS\amd64_microsoft.windows.common-controls_6595b64144ccf1df_6.0.9600.17031_none_6242a4b3ecbb55a1\COMCTL32.dll
0x000000005c150000 - 0x000000005c222000 	C:\Program Files\jmonkeyplatform\jdk\jre\bin\msvcr100.dll
0x000000005b190000 - 0x000000005b959000 	C:\Program Files\jmonkeyplatform\jdk\jre\bin\server\jvm.dll
0x00007ffeded10000 - 0x00007ffeded19000 	C:\Windows\SYSTEM32\WSOCK32.dll
0x00007ffee3840000 - 0x00007ffee385f000 	C:\Windows\SYSTEM32\WINMM.dll
0x00007ffeea420000 - 0x00007ffeea427000 	C:\Windows\system32\PSAPI.DLL
0x00007ffeebf90000 - 0x00007ffeebfe8000 	C:\Windows\system32\WS2_32.dll
0x00007ffee3810000 - 0x00007ffee383a000 	C:\Windows\SYSTEM32\WINMMBASE.dll
0x00007ffeebeb0000 - 0x00007ffeebeb9000 	C:\Windows\system32\NSI.dll
0x00007ffee94f0000 - 0x00007ffee953a000 	C:\Windows\SYSTEM32\cfgmgr32.dll
0x00007ffee8200000 - 0x00007ffee8226000 	C:\Windows\SYSTEM32\DEVOBJ.dll
0x000000005dfc0000 - 0x000000005dfcf000 	C:\Program Files\jmonkeyplatform\jdk\jre\bin\verify.dll
0x000000005df90000 - 0x000000005dfb8000 	C:\Program Files\jmonkeyplatform\jdk\jre\bin\java.dll
0x000000005df70000 - 0x000000005df85000 	C:\Program Files\jmonkeyplatform\jdk\jre\bin\zip.dll
0x000000005aff0000 - 0x000000005b185000 	C:\Program Files\jmonkeyplatform\jdk\jre\bin\awt.dll
0x00007ffeebec0000 - 0x00007ffeebf77000 	C:\Windows\system32\OLEAUT32.dll
0x00007ffee8080000 - 0x00007ffee81a1000 	C:\Windows\system32\uxtheme.dll
0x00007ffee4370000 - 0x00007ffee4408000 	C:\Program Files\Common Files\microsoft shared\ink\tiptsf.dll
0x00007ffee7650000 - 0x00007ffee7670000 	C:\Windows\system32\dwmapi.dll
0x00007ffee8030000 - 0x00007ffee803a000 	C:\Windows\SYSTEM32\kernel.appcore.dll
0x00007ffee92b0000 - 0x00007ffee92ba000 	C:\Windows\SYSTEM32\CRYPTBASE.dll
0x00007ffee9250000 - 0x00007ffee92b0000 	C:\Windows\SYSTEM32\bcryptPrimitives.dll
0x000000005df50000 - 0x000000005df69000 	C:\Program Files\jmonkeyplatform\jdk\jre\bin\net.dll
0x00007ffee8bf0000 - 0x00007ffee8c48000 	C:\Windows\system32\mswsock.dll
0x000000005d940000 - 0x000000005d951000 	C:\Program Files\jmonkeyplatform\jdk\jre\bin\nio.dll
0x000000005d720000 - 0x000000005d767000 	C:\Program Files\jmonkeyplatform\jdk\jre\bin\fontmanager.dll
0x000000005d3c0000 - 0x000000005d401000 	C:\Program Files\jmonkeyplatform\jdk\jre\bin\t2k.dll
0x00007ffee4bb0000 - 0x00007ffee4c13000 	C:\Windows\SYSTEM32\oleacc.dll
0x00007ffeea2b0000 - 0x00007ffeea354000 	C:\Windows\SYSTEM32\clbcatq.dll
0x0000000180000000 - 0x0000000180050000 	C:\Files\Programming\jMonkey\SpaceColonization Parts\BoxSelectionAnd3DMovement\lwjgl64.dll
0x00007ffed06f0000 - 0x00007ffed0811000 	C:\Windows\SYSTEM32\OPENGL32.dll
0x00007ffee2240000 - 0x00007ffee224a000 	C:\Windows\SYSTEM32\VERSION.dll
0x00007ffee42f0000 - 0x00007ffee431c000 	C:\Windows\SYSTEM32\GLU32.dll
0x00007ffed0450000 - 0x00007ffed0544000 	C:\Windows\SYSTEM32\DDRAW.dll
0x00007ffee42e0000 - 0x00007ffee42e9000 	C:\Windows\SYSTEM32\DCIMAN32.dll
0x000000000e860000 - 0x000000000f03e000 	C:\Windows\SYSTEM32\ig75icd64.dll
0x00007ffee52e0000 - 0x00007ffee5740000 	C:\Windows\SYSTEM32\igdusc64.dll
0x00007ffeb9850000 - 0x00007ffeb98dd000 	C:\Windows\SYSTEM32\mscms.dll
0x00007ffeb9800000 - 0x00007ffeb9841000 	C:\Windows\SYSTEM32\icm32.dll
0x00007ffee8e10000 - 0x00007ffee8e55000 	C:\Windows\SYSTEM32\powrprof.dll
0x000000000e780000 - 0x000000000e7e4000 	C:\Files\Programming\jMonkey\SpaceColonization Parts\BoxSelectionAnd3DMovement\OpenAL64.dll
0x00007ffee5180000 - 0x00007ffee51e2000 	C:\Windows\System32\MMDevApi.dll
0x00007ffec57e0000 - 0x00007ffec5867000 	C:\Windows\SYSTEM32\dsound.dll
0x00007ffee2250000 - 0x00007ffee22c6000 	C:\Windows\SYSTEM32\AUDIOSES.DLL
0x00007ffebe530000 - 0x00007ffebe6b8000 	C:\Windows\SYSTEM32\dbghelp.dll

VM Arguments:
jvm_args: -Dfile.encoding=UTF-8 
java_command: Main
Launcher Type: SUN_STANDARD

Environment Variables:
PATH=c:\Program Files (x86)\Intel\iCLS Client\;c:\Program Files\Intel\iCLS Client\;C:\Windows\system32;C:\Windows;C:\Windows\System32\Wbem;C:\Windows\System32\WindowsPowerShell\v1.0\;C:\Program Files\Intel\Intel(R) Management Engine Components\DAL;C:\Program Files\Intel\Intel(R) Management Engine Components\IPT;C:\Program Files (x86)\Intel\Intel(R) Management Engine Components\DAL;C:\Program Files (x86)\Intel\Intel(R) Management Engine Components\IPT;C:\Program Files\Intel\WiFi\bin\;C:\Program Files\Common Files\Intel\WirelessCommon\;C:\Program Files (x86)\Windows Kits\8.1\Windows Performance Toolkit\;C:\Program Files\Microsoft SQL Server\110\Tools\Binn\;C:\Program Files (x86)\Microsoft SDKs\TypeScript\1.0\
USERNAME=jbpagliuco
OS=Windows_NT
PROCESSOR_IDENTIFIER=Intel64 Family 6 Model 69 Stepping 1, GenuineIntel



---------------  S Y S T E M  ---------------

OS: Windows 8 , 64 bit Build 9200 

CPU:total 4 (2 cores per cpu, 2 threads per core) family 6 model 69 stepping 1, cmov, cx8, fxsr, mmx, sse, sse2, sse3, ssse3, sse4.1, sse4.2, popcnt, avx, avx2, aes, erms, ht, tsc, tscinvbit

Memory: 4k page, physical 8284748k(4273960k free), swap 11168332k(5524544k free)

vm_info: Java HotSpot(TM) 64-Bit Server VM (24.51-b03) for windows-amd64 JRE (1.7.0_51-b13), built on Dec 18 2013 18:40:56 by "java_re" with unknown MS VC++:1600

time: Tue Nov 04 23:23:32 2014
elapsed time: 2 seconds

